Turbo Assembler	 Version 2.0	    03/14/18 16:59:57	    Page 1
pract1b.asm



      1				     ;**************************************************************************
      2				     ; SBM 2015. ESTRUCTURA BÁSICA DE UN PROGRAMA EN ENSAMBLADOR
      3				     ;**************************************************************************
      4				     ; DEFINICION DEL SEGMENTO DE DATOS
      5	0000			     DATOS SEGMENT
      6	0000  ??			     CONTADOR DB ?
      7	0001  CAFE			     TOME DW 0CAFEH
      8	0003  64*(??)			     TABLA100 DB 100 dup (?) ; Reserva 100 bytes
      9	0067  41 74 65 6E 63 69	C3+	     ERROR1 DB "Atención: Entrada de datos incorrecta."
     10	      B3 6E 3A 20 45 6E	74+
     11	      72 61 64 61 20 64	65+
     12	      20 64 61 74 6F 73	20+
     13	      69 6E 63 6F 72 72	65+
     14	      63 74 61 2E
     15	008E			     DATOS ENDS
     16
     17				     ;**************************************************************************
     18				     ; DEFINICION DEL SEGMENTO DE PILA
     19	0000			     PILA SEGMENT STACK	"STACK"
     20	0000  40*(00)			     DB	40H DUP	(0) ;ejemplo de	inicialización, 64 bytes inicializados	a 0
     21	0040			     PILA ENDS
     22
     23				     ;**************************************************************************
     24				     ; DEFINICION DEL SEGMENTO EXTRA
     25	0000			     EXTRA SEGMENT
     26	0000  0000 0000			     RESULT DW 0,0 ;ejemplo de inicialización.	2 PALABRAS (4 BYTES)
     27	0004			     EXTRA ENDS
     28
     29				     ;**************************************************************************
     30				     ; DEFINICION DEL SEGMENTO DE CODIGO
     31	0000			     CODE SEGMENT
     32					     ASSUME CS:	CODE, DS: DATOS, ES: EXTRA, SS:	PILA
     33
     34				     ; COMIENZO	DEL PROCEDIMIENTO PRINCIPAL
     35	0000			     INICIO PROC
     36
     37					     ; INICIALIZA LOS REGISTROS	DE SEGMENTO CON	SU VALOR
     38	0000  B8 0000s			     MOV AX, DATOS
     39	0003  8E D8			     MOV DS, AX
     40	0005  B8 0000s			     MOV AX, PILA
     41	0008  8E D0			     MOV SS, AX
     42	000A  B8 0000s			     MOV AX, EXTRA
     43	000D  8E C0			     MOV ES, AX
     44	000F  BC 0040			     MOV SP, 64	; CARGA	EL PUNTERO DE PILA CON EL VALOR	MAS ALTO
     45					     ; FIN DE LAS INICIALIZACIONES
     46
     47					     ; COMIENZO	DEL PROGRAMA
     48	0012  A0 006Cr			     MOV AL, ERROR1[6H-1H]
     49	0015  A2 0065r			     MOV TABLA100[63H-1H], AL ;	Copia el sexto caracter	de ERROR1 en TABLA100[63H]	    +
     50				     modificando el tipo de datos a BYTE, DS:[0065H]
     51	0018  A1 0001r			     MOV AX, TOME
     52	001B  A3 0025r			     MOV WORD PTR TABLA100[23H-1H], AX ; Copia TOME en TABLA100[23H] modificando el tipo de +
     53				     datos a WORD, DS:[0025H]
     54	001E  88 26 0000r		     MOV CONTADOR, AH ;	byte mas significativo de TOME en CONTADOR, DS:0000
     55					     ; FIN DEL PROGRAMA
     56
     57	0022  B8 4C00			     MOV AX, 4C00H
Turbo Assembler	 Version 2.0	    03/14/18 16:59:57	    Page 2
pract1b.asm



     58	0025  CD 21			     INT 21H
     59	0027			     INICIO ENDP
     60				     ; FIN DEL SEGMENTO	DE CODIGO
     61	0027			     CODE ENDS
     62				     ; FIN DEL PROGRAMA	INDICANDO DONDE	COMIENZA LA EJECUCION
     63				     END INICIO
Turbo Assembler	 Version 2.0	    03/14/18 16:59:57	    Page 3
Symbol Table




Symbol Name			  Type	 Value

??DATE				  Text	 "03/14/18"
??FILENAME			  Text	 "pract1b "
??TIME				  Text	 "16:59:57"
??VERSION			  Number 0200
@CPU				  Text	 0101H
@CURSEG				  Text	 CODE
@FILENAME			  Text	 PRACT1B
@WORDSIZE			  Text	 2
CONTADOR			  Byte	 DATOS:0000
ERROR1				  Byte	 DATOS:0067
INICIO				  Near	 CODE:0000
RESULT				  Word	 EXTRA:0000
TABLA100			  Byte	 DATOS:0003
TOME				  Word	 DATOS:0001

Groups & Segments		  Bit Size Align  Combine Class

CODE				  16  0027 Para	  none
DATOS				  16  008E Para	  none
EXTRA				  16  0004 Para	  none
PILA				  16  0040 Para	  Stack	  STACK
